mode: set
Day3/Day12/Part1/nomor1/nomor1.go:5.26,6.12 1 1
Day3/Day12/Part1/nomor1/nomor1.go:6.12,8.3 1 0
Day3/Day12/Part1/nomor1/nomor1.go:9.2,9.28 1 1
Day3/Day12/Part1/nomor1/nomor1.go:9.28,10.15 1 1
Day3/Day12/Part1/nomor1/nomor1.go:10.15,12.4 1 1
Day3/Day12/Part1/nomor1/nomor1.go:14.2,14.13 1 1
Day3/Day12/Part1/nomor1/nomor1.go:17.29,19.20 2 1
Day3/Day12/Part1/nomor1/nomor1.go:19.20,20.17 1 1
Day3/Day12/Part1/nomor1/nomor1.go:20.17,22.23 2 1
Day3/Day12/Part1/nomor1/nomor1.go:22.23,24.5 1 1
Day3/Day12/Part1/nomor1/nomor1.go:29.13,35.2 5 0
