mode: set
Day3/Day12/Part2/nomor4/nomor4.go:8.44,11.32 2 1
Day3/Day12/Part2/nomor4/nomor4.go:11.32,13.6 1 1
Day3/Day12/Part2/nomor4/nomor4.go:15.5,21.41 3 1
Day3/Day12/Part2/nomor4/nomor4.go:21.41,23.6 1 1
Day3/Day12/Part2/nomor4/nomor4.go:25.5,25.49 1 1
Day3/Day12/Part2/nomor4/nomor4.go:25.49,27.6 1 1
Day3/Day12/Part2/nomor4/nomor4.go:29.5,30.38 2 1
Day3/Day12/Part2/nomor4/nomor4.go:30.38,32.6 1 1
Day3/Day12/Part2/nomor4/nomor4.go:34.5,34.18 1 1
Day3/Day12/Part2/nomor4/nomor4.go:37.13,41.2 3 0
